-------------------------------------------------------------------------------
Test set: com.urlshortener.UrlsControllerIntegrationTests
-------------------------------------------------------------------------------
Tests run: 1, Failures: 1, Errors: 0, Skipped: 0, Time elapsed: 3.295 s <<< FAILURE! -- in com.urlshortener.UrlsControllerIntegrationTests
com.urlshortener.UrlsControllerIntegrationTests.getAlias_ExistingAlias_Returns301WithLocation -- Time elapsed: 1.124 s <<< FAILURE!
org.opentest4j.AssertionFailedError: 

expected: 308 PERMANENT_REDIRECT
 but was: 302 FOUND
	at java.base/jdk.internal.reflect.DirectConstructorHandleAccessor.newInstance(DirectConstructorHandleAccessor.java:62)
	at java.base/java.lang.reflect.Constructor.newInstanceWithCaller(Constructor.java:502)
	at com.urlshortener.UrlsControllerIntegrationTests.getAlias_ExistingAlias_Returns301WithLocation(UrlsControllerIntegrationTests.java:45)
	at java.base/java.lang.reflect.Method.invoke(Method.java:580)
	at java.base/java.util.ArrayList.forEach(ArrayList.java:1596)
	at java.base/java.util.ArrayList.forEach(ArrayList.java:1596)

