-------------------------------------------------------------------------------
Test set: com.urlshortener.UrlShortenerServiceTests
-------------------------------------------------------------------------------
Tests run: 3, Failures: 1, Errors: 1, Skipped: 0, Time elapsed: 0.031 s <<< FAILURE! -- in com.urlshortener.UrlShortenerServiceTests
com.urlshortener.UrlShortenerServiceTests.shorten_WithValidUrl_ReturnsShortUrlResponse -- Time elapsed: 0.006 s <<< ERROR!
java.lang.IllegalArgumentException: Alias may only contain letters, numbers, and hyphens (2–64 characters).
	at com.urlshortener.service.UrlShortenerService.shorten(UrlShortenerService.java:35)
	at com.urlshortener.UrlShortenerServiceTests.shorten_WithValidUrl_ReturnsShortUrlResponse(UrlShortenerServiceTests.java:36)
	at java.base/java.lang.reflect.Method.invoke(Method.java:580)
	at java.base/java.util.ArrayList.forEach(ArrayList.java:1596)
	at java.base/java.util.ArrayList.forEach(ArrayList.java:1596)

com.urlshortener.UrlShortenerServiceTests.getFullUrl_ReturnsExistingUrl -- Time elapsed: 0.007 s <<< FAILURE!
org.opentest4j.AssertionFailedError: expected: <https://example.com> but was: <https://example.com/>
	at org.junit.jupiter.api.AssertionFailureBuilder.build(AssertionFailureBuilder.java:151)
	at org.junit.jupiter.api.AssertionFailureBuilder.buildAndThrow(AssertionFailureBuilder.java:132)
	at org.junit.jupiter.api.AssertEquals.failNotEqual(AssertEquals.java:197)
	at org.junit.jupiter.api.AssertEquals.assertEquals(AssertEquals.java:182)
	at org.junit.jupiter.api.AssertEquals.assertEquals(AssertEquals.java:177)
	at org.junit.jupiter.api.Assertions.assertEquals(Assertions.java:1145)
	at com.urlshortener.UrlShortenerServiceTests.getFullUrl_ReturnsExistingUrl(UrlShortenerServiceTests.java:64)
	at java.base/java.lang.reflect.Method.invoke(Method.java:580)
	at java.base/java.util.ArrayList.forEach(ArrayList.java:1596)
	at java.base/java.util.ArrayList.forEach(ArrayList.java:1596)

