<?xml version="1.0" encoding="UTF-8"?>
<testsuite xmlns:xsi="http://www.w3.org/2001/XMLSchema-instance" xsi:noNamespaceSchemaLocation="https://maven.apache.org/surefire/maven-surefire-plugin/xsd/surefire-test-report-3.0.xsd" version="3.0" name="com.urlshortener.UrlShortenerServiceTests" time="0.031" tests="3" errors="1" skipped="0" failures="1">
  <properties>
[...]
</properties>
  <testcase name="shorten_WithValidUrl_ReturnsShortUrlResponse" classname="com.urlshortener.UrlShortenerServiceTests" time="0.006">
    <error message="Alias may only contain letters, numbers, and hyphens (2–64 characters)." type="java.lang.IllegalArgumentException"><![CDATA[java.lang.IllegalArgumentException: Alias may only contain letters, numbers, and hyphens (2–64 characters).
	at com.urlshortener.service.UrlShortenerService.shorten(UrlShortenerService.java:35)
	at com.urlshortener.UrlShortenerServiceTests.shorten_WithValidUrl_ReturnsShortUrlResponse(UrlShortenerServiceTests.java:36)
	at java.base/java.lang.reflect.Method.invoke(Method.java:580)
	at java.base/java.util.ArrayList.forEach(ArrayList.java:1596)
	at java.base/java.util.ArrayList.forEach(ArrayList.java:1596)
]]></error>
  </testcase>
  <testcase name="shorten_WithCustomAlias_ReturnsCustomAlias" classname="com.urlshortener.UrlShortenerServiceTests" time="0.018"/>
  <testcase name="getFullUrl_ReturnsExistingUrl" classname="com.urlshortener.UrlShortenerServiceTests" time="0.007">
    <failure message="expected: &lt;https://example.com&gt; but was: &lt;https://example.com/&gt;" type="org.opentest4j.AssertionFailedError"><![CDATA[org.opentest4j.AssertionFailedError: expected: <https://example.com> but was: <https://example.com/>
	at org.junit.jupiter.api.AssertionFailureBuilder.build(AssertionFailureBuilder.java:151)
	at org.junit.jupiter.api.AssertionFailureBuilder.buildAndThrow(AssertionFailureBuilder.java:132)
	at org.junit.jupiter.api.AssertEquals.failNotEqual(AssertEquals.java:197)
	at org.junit.jupiter.api.AssertEquals.assertEquals(AssertEquals.java:182)
	at org.junit.jupiter.api.AssertEquals.assertEquals(AssertEquals.java:177)
	at org.junit.jupiter.api.Assertions.assertEquals(Assertions.java:1145)
	at com.urlshortener.UrlShortenerServiceTests.getFullUrl_ReturnsExistingUrl(UrlShortenerServiceTests.java:64)
	at java.base/java.lang.reflect.Method.invoke(Method.java:580)
	at java.base/java.util.ArrayList.forEach(ArrayList.java:1596)
	at java.base/java.util.ArrayList.forEach(ArrayList.java:1596)
]]></failure>
  </testcase>
</testsuite>