<?xml version="1.0" encoding="UTF-8"?>
<testsuite xmlns:xsi="http://www.w3.org/2001/XMLSchema-instance" xsi:noNamespaceSchemaLocation="https://maven.apache.org/surefire/maven-surefire-plugin/xsd/surefire-test-report-3.0.xsd" version="3.0" name="com.urlshortener.UrlsControllerIntegrationTests" time="3.295" tests="1" errors="0" skipped="0" failures="1">
  <properties>
[...]
</properties>
  <testcase name="getAlias_ExistingAlias_Returns301WithLocation" classname="com.urlshortener.UrlsControllerIntegrationTests" time="1.124">
    <failure message="&#10;expected: 308 PERMANENT_REDIRECT&#10; but was: 302 FOUND" type="org.opentest4j.AssertionFailedError"><![CDATA[org.opentest4j.AssertionFailedError: 

expected: 308 PERMANENT_REDIRECT
 but was: 302 FOUND
	at java.base/jdk.internal.reflect.DirectConstructorHandleAccessor.newInstance(DirectConstructorHandleAccessor.java:62)
	at java.base/java.lang.reflect.Constructor.newInstanceWithCaller(Constructor.java:502)
	at com.urlshortener.UrlsControllerIntegrationTests.getAlias_ExistingAlias_Returns301WithLocation(UrlsControllerIntegrationTests.java:45)
	at java.base/java.lang.reflect.Method.invoke(Method.java:580)
	at java.base/java.util.ArrayList.forEach(ArrayList.java:1596)
	at java.base/java.util.ArrayList.forEach(ArrayList.java:1596)
]]></failure>
    <system-out><![CDATA[10:05:45.578 [main] INFO org.springframework.test.context.support.AnnotationConfigContextLoaderUtils -- Could not detect default configuration classes for test class [com.urlshortener.UrlsControllerIntegrationTests]: UrlsControllerIntegrationTests does not declare any static, non-private, non-final, nested classes annotated with @Configuration.
10:05:45.664 [main] INFO org.springframework.boot.test.context.SpringBootTestContextBootstrapper -- Found @SpringBootConfiguration com.urlshortener.UrlShortenerApplication for test class com.urlshortener.UrlsControllerIntegrationTests

  .   ____          _            __ _ _
 /\\ / ___'_ __ _ _(_)_ __  __ _ \ \ \ \
( ( )\___ | '_ | '_| | '_ \/ _` | \ \ \ \
 \\/  ___)| |_)| | | | | || (_| |  ) ) ) )
  '  |____| .__|_| |_|_| |_\__, | / / / /
 =========|_|==============|___/=/_/_/_/
 :: Spring Boot ::                (v3.2.4)

2026-07-22T10:05:46.002+01:00  INFO 2388 --- [           main] c.u.UrlsControllerIntegrationTests       : Starting UrlsControllerIntegrationTests using Java 21.0.10 with PID 2388 (started by TPXi-561 in C:\Users\TPXi-561\Documents\Jon\url-shortener-java\backend)
2026-07-22T10:05:46.002+01:00  INFO 2388 --- [           main] c.u.UrlsControllerIntegrationTests       : No active profile set, falling back to 1 default profile: "default"
2026-07-22T10:05:46.927+01:00  INFO 2388 --- [           main] o.s.b.w.embedded.tomcat.TomcatWebServer  : Tomcat initialized with port 0 (http)
2026-07-22T10:05:46.943+01:00  INFO 2388 --- [           main] o.apache.catalina.core.StandardService   : Starting service [Tomcat]
2026-07-22T10:05:46.943+01:00  INFO 2388 --- [           main] o.apache.catalina.core.StandardEngine    : Starting Servlet engine: [Apache Tomcat/10.1.19]
2026-07-22T10:05:46.980+01:00  INFO 2388 --- [           main] o.a.c.c.C.[Tomcat].[localhost].[/]       : Initializing Spring embedded WebApplicationContext
2026-07-22T10:05:46.980+01:00  INFO 2388 --- [           main] w.s.c.ServletWebServerApplicationContext : Root WebApplicationContext: initialization completed in 965 ms
2026-07-22T10:05:47.086+01:00  INFO 2388 --- [           main] com.zaxxer.hikari.HikariDataSource       : HikariPool-1 - Starting...
2026-07-22T10:05:47.198+01:00  INFO 2388 --- [           main] com.zaxxer.hikari.pool.HikariPool        : HikariPool-1 - Added connection org.sqlite.jdbc4.JDBC4Connection@42507640
2026-07-22T10:05:47.198+01:00  INFO 2388 --- [           main] com.zaxxer.hikari.HikariDataSource       : HikariPool-1 - Start completed.
2026-07-22T10:05:47.612+01:00  INFO 2388 --- [           main] o.s.b.w.embedded.tomcat.TomcatWebServer  : Tomcat started on port 55457 (http) with context path ''
2026-07-22T10:05:47.618+01:00  INFO 2388 --- [           main] c.u.UrlsControllerIntegrationTests       : Started UrlsControllerIntegrationTests in 1.83 seconds (process running for 2.52)
2026-07-22T10:05:48.586+01:00  INFO 2388 --- [o-auto-1-exec-1] o.a.c.c.C.[Tomcat].[localhost].[/]       : Initializing Spring DispatcherServlet 'dispatcherServlet'
2026-07-22T10:05:48.586+01:00  INFO 2388 --- [o-auto-1-exec-1] o.s.web.servlet.DispatcherServlet        : Initializing Servlet 'dispatcherServlet'
2026-07-22T10:05:48.588+01:00  INFO 2388 --- [o-auto-1-exec-1] o.s.web.servlet.DispatcherServlet        : Completed initialization in 2 ms
]]></system-out>
    <system-err><![CDATA[WARNING: A Java agent has been loaded dynamically (C:\Users\TPXi-561\.m2\repository\net\bytebuddy\byte-buddy-agent\1.14.12\byte-buddy-agent-1.14.12.jar)
WARNING: If a serviceability tool is in use, please run with -XX:+EnableDynamicAgentLoading to hide this warning
WARNING: If a serviceability tool is not in use, please run with -Djdk.instrument.traceUsage for more information
WARNING: Dynamic loading of agents will be disallowed by default in a future release
]]></system-err>
  </testcase>
</testsuite>